<?xml version="1.0" encoding="UTF-8"?>
<testsuite xmlns:xsi="http://www.w3.org/2001/XMLSchema-instance" xsi:noNamespaceSchemaLocation="https://maven.apache.org/surefire/maven-surefire-plugin/xsd/surefire-test-report.xsd" name="com.atguigu.MyTest" time="3.41" tests="2" errors="0" skipped="0" failures="0">
  <properties>
    <property name="sun.desktop" value="windows"/>
    <property name="awt.toolkit" value="sun.awt.windows.WToolkit"/>
    <property name="file.encoding.pkg" value="sun.io"/>
    <property name="java.specification.version" value="1.8"/>
    <property name="sun.cpu.isalist" value="amd64"/>
    <property name="sun.jnu.encoding" value="GBK"/>
    <property name="java.class.path" value="D:\workspaceidea\java200522\springboot-mybatis\target\test-classes;D:\workspaceidea\java200522\springboot-mybatis\target\classes;D:\RepMavenIdea\org\springframework\boot\spring-boot-starter-web\2.2.2.RELEASE\spring-boot-starter-web-2.2.2.RELEASE.jar;D:\RepMavenIdea\org\springframework\boot\spring-boot-starter\2.2.2.RELEASE\spring-boot-starter-2.2.2.RELEASE.jar;D:\RepMavenIdea\org\springframework\boot\spring-boot\2.2.2.RELEASE\spring-boot-2.2.2.RELEASE.jar;D:\RepMavenIdea\org\springframework\boot\spring-boot-autoconfigure\2.2.2.RELEASE\spring-boot-autoconfigure-2.2.2.RELEASE.jar;D:\RepMavenIdea\org\springframework\boot\spring-boot-starter-logging\2.2.2.RELEASE\spring-boot-starter-logging-2.2.2.RELEASE.jar;D:\RepMavenIdea\ch\qos\logback\logback-classic\1.2.3\logback-classic-1.2.3.jar;D:\RepMavenIdea\ch\qos\logback\logback-core\1.2.3\logback-core-1.2.3.jar;D:\RepMavenIdea\org\apache\logging\log4j\log4j-to-slf4j\2.12.1\log4j-to-slf4j-2.12.1.jar;D:\RepMavenIdea\org\apache\logging\log4j\log4j-api\2.12.1\log4j-api-2.12.1.jar;D:\RepMavenIdea\org\slf4j\jul-to-slf4j\1.7.29\jul-to-slf4j-1.7.29.jar;D:\RepMavenIdea\jakarta\annotation\jakarta.annotation-api\1.3.5\jakarta.annotation-api-1.3.5.jar;D:\RepMavenIdea\org\yaml\snakeyaml\1.25\snakeyaml-1.25.jar;D:\RepMavenIdea\org\springframework\boot\spring-boot-starter-json\2.2.2.RELEASE\spring-boot-starter-json-2.2.2.RELEASE.jar;D:\RepMavenIdea\com\fasterxml\jackson\core\jackson-databind\2.10.1\jackson-databind-2.10.1.jar;D:\RepMavenIdea\com\fasterxml\jackson\core\jackson-annotations\2.10.1\jackson-annotations-2.10.1.jar;D:\RepMavenIdea\com\fasterxml\jackson\core\jackson-core\2.10.1\jackson-core-2.10.1.jar;D:\RepMavenIdea\com\fasterxml\jackson\datatype\jackson-datatype-jdk8\2.10.1\jackson-datatype-jdk8-2.10.1.jar;D:\RepMavenIdea\com\fasterxml\jackson\datatype\jackson-datatype-jsr310\2.10.1\jackson-datatype-jsr310-2.10.1.jar;D:\RepMavenIdea\com\fasterxml\jackson\module\jackson-module-parameter-names\2.10.1\jackson-module-parameter-names-2.10.1.jar;D:\RepMavenIdea\org\springframework\boot\spring-boot-starter-tomcat\2.2.2.RELEASE\spring-boot-starter-tomcat-2.2.2.RELEASE.jar;D:\RepMavenIdea\org\apache\tomcat\embed\tomcat-embed-core\9.0.29\tomcat-embed-core-9.0.29.jar;D:\RepMavenIdea\org\apache\tomcat\embed\tomcat-embed-el\9.0.29\tomcat-embed-el-9.0.29.jar;D:\RepMavenIdea\org\apache\tomcat\embed\tomcat-embed-websocket\9.0.29\tomcat-embed-websocket-9.0.29.jar;D:\RepMavenIdea\org\springframework\boot\spring-boot-starter-validation\2.2.2.RELEASE\spring-boot-starter-validation-2.2.2.RELEASE.jar;D:\RepMavenIdea\jakarta\validation\jakarta.validation-api\2.0.1\jakarta.validation-api-2.0.1.jar;D:\RepMavenIdea\org\hibernate\validator\hibernate-validator\6.0.18.Final\hibernate-validator-6.0.18.Final.jar;D:\RepMavenIdea\org\jboss\logging\jboss-logging\3.4.1.Final\jboss-logging-3.4.1.Final.jar;D:\RepMavenIdea\com\fasterxml\classmate\1.5.1\classmate-1.5.1.jar;D:\RepMavenIdea\org\springframework\spring-web\5.2.2.RELEASE\spring-web-5.2.2.RELEASE.jar;D:\RepMavenIdea\org\springframework\spring-beans\5.2.2.RELEASE\spring-beans-5.2.2.RELEASE.jar;D:\RepMavenIdea\org\springframework\spring-webmvc\5.2.2.RELEASE\spring-webmvc-5.2.2.RELEASE.jar;D:\RepMavenIdea\org\springframework\spring-aop\5.2.2.RELEASE\spring-aop-5.2.2.RELEASE.jar;D:\RepMavenIdea\org\springframework\spring-context\5.2.2.RELEASE\spring-context-5.2.2.RELEASE.jar;D:\RepMavenIdea\org\springframework\spring-expression\5.2.2.RELEASE\spring-expression-5.2.2.RELEASE.jar;D:\RepMavenIdea\org\springframework\boot\spring-boot-starter-test\2.2.2.RELEASE\spring-boot-starter-test-2.2.2.RELEASE.jar;D:\RepMavenIdea\org\springframework\boot\spring-boot-test\2.2.2.RELEASE\spring-boot-test-2.2.2.RELEASE.jar;D:\RepMavenIdea\org\springframework\boot\spring-boot-test-autoconfigure\2.2.2.RELEASE\spring-boot-test-autoconfigure-2.2.2.RELEASE.jar;D:\RepMavenIdea\com\jayway\jsonpath\json-path\2.4.0\json-path-2.4.0.jar;D:\RepMavenIdea\net\minidev\json-smart\2.3\json-smart-2.3.jar;D:\RepMavenIdea\net\minidev\accessors-smart\1.2\accessors-smart-1.2.jar;D:\RepMavenIdea\org\ow2\asm\asm\5.0.4\asm-5.0.4.jar;D:\RepMavenIdea\org\slf4j\slf4j-api\1.7.29\slf4j-api-1.7.29.jar;D:\RepMavenIdea\jakarta\xml\bind\jakarta.xml.bind-api\2.3.2\jakarta.xml.bind-api-2.3.2.jar;D:\RepMavenIdea\jakarta\activation\jakarta.activation-api\1.2.1\jakarta.activation-api-1.2.1.jar;D:\RepMavenIdea\org\junit\jupiter\junit-jupiter\5.5.2\junit-jupiter-5.5.2.jar;D:\RepMavenIdea\org\junit\jupiter\junit-jupiter-api\5.5.2\junit-jupiter-api-5.5.2.jar;D:\RepMavenIdea\org\opentest4j\opentest4j\1.2.0\opentest4j-1.2.0.jar;D:\RepMavenIdea\org\junit\platform\junit-platform-commons\1.5.2\junit-platform-commons-1.5.2.jar;D:\RepMavenIdea\org\junit\jupiter\junit-jupiter-params\5.5.2\junit-jupiter-params-5.5.2.jar;D:\RepMavenIdea\org\junit\jupiter\junit-jupiter-engine\5.5.2\junit-jupiter-engine-5.5.2.jar;D:\RepMavenIdea\org\junit\vintage\junit-vintage-engine\5.5.2\junit-vintage-engine-5.5.2.jar;D:\RepMavenIdea\org\apiguardian\apiguardian-api\1.1.0\apiguardian-api-1.1.0.jar;D:\RepMavenIdea\org\junit\platform\junit-platform-engine\1.5.2\junit-platform-engine-1.5.2.jar;D:\RepMavenIdea\junit\junit\4.12\junit-4.12.jar;D:\RepMavenIdea\org\mockito\mockito-junit-jupiter\3.1.0\mockito-junit-jupiter-3.1.0.jar;D:\RepMavenIdea\org\assertj\assertj-core\3.13.2\assertj-core-3.13.2.jar;D:\RepMavenIdea\org\hamcrest\hamcrest\2.1\hamcrest-2.1.jar;D:\RepMavenIdea\org\mockito\mockito-core\3.1.0\mockito-core-3.1.0.jar;D:\RepMavenIdea\net\bytebuddy\byte-buddy\1.10.4\byte-buddy-1.10.4.jar;D:\RepMavenIdea\net\bytebuddy\byte-buddy-agent\1.10.4\byte-buddy-agent-1.10.4.jar;D:\RepMavenIdea\org\objenesis\objenesis\2.6\objenesis-2.6.jar;D:\RepMavenIdea\org\skyscreamer\jsonassert\1.5.0\jsonassert-1.5.0.jar;D:\RepMavenIdea\com\vaadin\external\google\android-json\0.0.20131108.vaadin1\android-json-0.0.20131108.vaadin1.jar;D:\RepMavenIdea\org\springframework\spring-core\5.2.2.RELEASE\spring-core-5.2.2.RELEASE.jar;D:\RepMavenIdea\org\springframework\spring-jcl\5.2.2.RELEASE\spring-jcl-5.2.2.RELEASE.jar;D:\RepMavenIdea\org\springframework\spring-test\5.2.2.RELEASE\spring-test-5.2.2.RELEASE.jar;D:\RepMavenIdea\org\xmlunit\xmlunit-core\2.6.3\xmlunit-core-2.6.3.jar;D:\RepMavenIdea\org\mybatis\spring\boot\mybatis-spring-boot-starter\1.1.1\mybatis-spring-boot-starter-1.1.1.jar;D:\RepMavenIdea\org\mybatis\spring\boot\mybatis-spring-boot-autoconfigure\1.1.1\mybatis-spring-boot-autoconfigure-1.1.1.jar;D:\RepMavenIdea\org\mybatis\mybatis\3.4.0\mybatis-3.4.0.jar;D:\RepMavenIdea\org\mybatis\mybatis-spring\1.3.0\mybatis-spring-1.3.0.jar;D:\RepMavenIdea\org\springframework\boot\spring-boot-starter-jdbc\2.2.2.RELEASE\spring-boot-starter-jdbc-2.2.2.RELEASE.jar;D:\RepMavenIdea\com\zaxxer\HikariCP\3.4.1\HikariCP-3.4.1.jar;D:\RepMavenIdea\org\springframework\spring-jdbc\5.2.2.RELEASE\spring-jdbc-5.2.2.RELEASE.jar;D:\RepMavenIdea\org\springframework\spring-tx\5.2.2.RELEASE\spring-tx-5.2.2.RELEASE.jar;D:\RepMavenIdea\mysql\mysql-connector-java\8.0.18\mysql-connector-java-8.0.18.jar;D:\RepMavenIdea\com\alibaba\druid\1.1.12\druid-1.1.12.jar;"/>
    <property name="java.vm.vendor" value="Oracle Corporation"/>
    <property name="sun.arch.data.model" value="64"/>
    <property name="user.variant" value=""/>
    <property name="java.vendor.url" value="http://java.oracle.com/"/>
    <property name="user.timezone" value="Asia/Shanghai"/>
    <property name="java.vm.specification.version" value="1.8"/>
    <property name="os.name" value="Windows 8.1"/>
    <property name="user.country" value="CN"/>
    <property name="sun.java.launcher" value="SUN_STANDARD"/>
    <property name="sun.boot.library.path" value="C:\Java\jdk1.8.0_45\jre\bin"/>
    <property name="sun.java.command" value="C:\Users\zy\AppData\Local\Temp\surefire7626038535246532393\surefirebooter7384618604827611437.jar C:\Users\zy\AppData\Local\Temp\surefire7626038535246532393 2020-09-04T09-00-52_609-jvmRun1 surefire6363309129545899568tmp surefire_0733458260026770016tmp"/>
    <property name="surefire.test.class.path" value="D:\workspaceidea\java200522\springboot-mybatis\target\test-classes;D:\workspaceidea\java200522\springboot-mybatis\target\classes;D:\RepMavenIdea\org\springframework\boot\spring-boot-starter-web\2.2.2.RELEASE\spring-boot-starter-web-2.2.2.RELEASE.jar;D:\RepMavenIdea\org\springframework\boot\spring-boot-starter\2.2.2.RELEASE\spring-boot-starter-2.2.2.RELEASE.jar;D:\RepMavenIdea\org\springframework\boot\spring-boot\2.2.2.RELEASE\spring-boot-2.2.2.RELEASE.jar;D:\RepMavenIdea\org\springframework\boot\spring-boot-autoconfigure\2.2.2.RELEASE\spring-boot-autoconfigure-2.2.2.RELEASE.jar;D:\RepMavenIdea\org\springframework\boot\spring-boot-starter-logging\2.2.2.RELEASE\spring-boot-starter-logging-2.2.2.RELEASE.jar;D:\RepMavenIdea\ch\qos\logback\logback-classic\1.2.3\logback-classic-1.2.3.jar;D:\RepMavenIdea\ch\qos\logback\logback-core\1.2.3\logback-core-1.2.3.jar;D:\RepMavenIdea\org\apache\logging\log4j\log4j-to-slf4j\2.12.1\log4j-to-slf4j-2.12.1.jar;D:\RepMavenIdea\org\apache\logging\log4j\log4j-api\2.12.1\log4j-api-2.12.1.jar;D:\RepMavenIdea\org\slf4j\jul-to-slf4j\1.7.29\jul-to-slf4j-1.7.29.jar;D:\RepMavenIdea\jakarta\annotation\jakarta.annotation-api\1.3.5\jakarta.annotation-api-1.3.5.jar;D:\RepMavenIdea\org\yaml\snakeyaml\1.25\snakeyaml-1.25.jar;D:\RepMavenIdea\org\springframework\boot\spring-boot-starter-json\2.2.2.RELEASE\spring-boot-starter-json-2.2.2.RELEASE.jar;D:\RepMavenIdea\com\fasterxml\jackson\core\jackson-databind\2.10.1\jackson-databind-2.10.1.jar;D:\RepMavenIdea\com\fasterxml\jackson\core\jackson-annotations\2.10.1\jackson-annotations-2.10.1.jar;D:\RepMavenIdea\com\fasterxml\jackson\core\jackson-core\2.10.1\jackson-core-2.10.1.jar;D:\RepMavenIdea\com\fasterxml\jackson\datatype\jackson-datatype-jdk8\2.10.1\jackson-datatype-jdk8-2.10.1.jar;D:\RepMavenIdea\com\fasterxml\jackson\datatype\jackson-datatype-jsr310\2.10.1\jackson-datatype-jsr310-2.10.1.jar;D:\RepMavenIdea\com\fasterxml\jackson\module\jackson-module-parameter-names\2.10.1\jackson-module-parameter-names-2.10.1.jar;D:\RepMavenIdea\org\springframework\boot\spring-boot-starter-tomcat\2.2.2.RELEASE\spring-boot-starter-tomcat-2.2.2.RELEASE.jar;D:\RepMavenIdea\org\apache\tomcat\embed\tomcat-embed-core\9.0.29\tomcat-embed-core-9.0.29.jar;D:\RepMavenIdea\org\apache\tomcat\embed\tomcat-embed-el\9.0.29\tomcat-embed-el-9.0.29.jar;D:\RepMavenIdea\org\apache\tomcat\embed\tomcat-embed-websocket\9.0.29\tomcat-embed-websocket-9.0.29.jar;D:\RepMavenIdea\org\springframework\boot\spring-boot-starter-validation\2.2.2.RELEASE\spring-boot-starter-validation-2.2.2.RELEASE.jar;D:\RepMavenIdea\jakarta\validation\jakarta.validation-api\2.0.1\jakarta.validation-api-2.0.1.jar;D:\RepMavenIdea\org\hibernate\validator\hibernate-validator\6.0.18.Final\hibernate-validator-6.0.18.Final.jar;D:\RepMavenIdea\org\jboss\logging\jboss-logging\3.4.1.Final\jboss-logging-3.4.1.Final.jar;D:\RepMavenIdea\com\fasterxml\classmate\1.5.1\classmate-1.5.1.jar;D:\RepMavenIdea\org\springframework\spring-web\5.2.2.RELEASE\spring-web-5.2.2.RELEASE.jar;D:\RepMavenIdea\org\springframework\spring-beans\5.2.2.RELEASE\spring-beans-5.2.2.RELEASE.jar;D:\RepMavenIdea\org\springframework\spring-webmvc\5.2.2.RELEASE\spring-webmvc-5.2.2.RELEASE.jar;D:\RepMavenIdea\org\springframework\spring-aop\5.2.2.RELEASE\spring-aop-5.2.2.RELEASE.jar;D:\RepMavenIdea\org\springframework\spring-context\5.2.2.RELEASE\spring-context-5.2.2.RELEASE.jar;D:\RepMavenIdea\org\springframework\spring-expression\5.2.2.RELEASE\spring-expression-5.2.2.RELEASE.jar;D:\RepMavenIdea\org\springframework\boot\spring-boot-starter-test\2.2.2.RELEASE\spring-boot-starter-test-2.2.2.RELEASE.jar;D:\RepMavenIdea\org\springframework\boot\spring-boot-test\2.2.2.RELEASE\spring-boot-test-2.2.2.RELEASE.jar;D:\RepMavenIdea\org\springframework\boot\spring-boot-test-autoconfigure\2.2.2.RELEASE\spring-boot-test-autoconfigure-2.2.2.RELEASE.jar;D:\RepMavenIdea\com\jayway\jsonpath\json-path\2.4.0\json-path-2.4.0.jar;D:\RepMavenIdea\net\minidev\json-smart\2.3\json-smart-2.3.jar;D:\RepMavenIdea\net\minidev\accessors-smart\1.2\accessors-smart-1.2.jar;D:\RepMavenIdea\org\ow2\asm\asm\5.0.4\asm-5.0.4.jar;D:\RepMavenIdea\org\slf4j\slf4j-api\1.7.29\slf4j-api-1.7.29.jar;D:\RepMavenIdea\jakarta\xml\bind\jakarta.xml.bind-api\2.3.2\jakarta.xml.bind-api-2.3.2.jar;D:\RepMavenIdea\jakarta\activation\jakarta.activation-api\1.2.1\jakarta.activation-api-1.2.1.jar;D:\RepMavenIdea\org\junit\jupiter\junit-jupiter\5.5.2\junit-jupiter-5.5.2.jar;D:\RepMavenIdea\org\junit\jupiter\junit-jupiter-api\5.5.2\junit-jupiter-api-5.5.2.jar;D:\RepMavenIdea\org\opentest4j\opentest4j\1.2.0\opentest4j-1.2.0.jar;D:\RepMavenIdea\org\junit\platform\junit-platform-commons\1.5.2\junit-platform-commons-1.5.2.jar;D:\RepMavenIdea\org\junit\jupiter\junit-jupiter-params\5.5.2\junit-jupiter-params-5.5.2.jar;D:\RepMavenIdea\org\junit\jupiter\junit-jupiter-engine\5.5.2\junit-jupiter-engine-5.5.2.jar;D:\RepMavenIdea\org\junit\vintage\junit-vintage-engine\5.5.2\junit-vintage-engine-5.5.2.jar;D:\RepMavenIdea\org\apiguardian\apiguardian-api\1.1.0\apiguardian-api-1.1.0.jar;D:\RepMavenIdea\org\junit\platform\junit-platform-engine\1.5.2\junit-platform-engine-1.5.2.jar;D:\RepMavenIdea\junit\junit\4.12\junit-4.12.jar;D:\RepMavenIdea\org\mockito\mockito-junit-jupiter\3.1.0\mockito-junit-jupiter-3.1.0.jar;D:\RepMavenIdea\org\assertj\assertj-core\3.13.2\assertj-core-3.13.2.jar;D:\RepMavenIdea\org\hamcrest\hamcrest\2.1\hamcrest-2.1.jar;D:\RepMavenIdea\org\mockito\mockito-core\3.1.0\mockito-core-3.1.0.jar;D:\RepMavenIdea\net\bytebuddy\byte-buddy\1.10.4\byte-buddy-1.10.4.jar;D:\RepMavenIdea\net\bytebuddy\byte-buddy-agent\1.10.4\byte-buddy-agent-1.10.4.jar;D:\RepMavenIdea\org\objenesis\objenesis\2.6\objenesis-2.6.jar;D:\RepMavenIdea\org\skyscreamer\jsonassert\1.5.0\jsonassert-1.5.0.jar;D:\RepMavenIdea\com\vaadin\external\google\android-json\0.0.20131108.vaadin1\android-json-0.0.20131108.vaadin1.jar;D:\RepMavenIdea\org\springframework\spring-core\5.2.2.RELEASE\spring-core-5.2.2.RELEASE.jar;D:\RepMavenIdea\org\springframework\spring-jcl\5.2.2.RELEASE\spring-jcl-5.2.2.RELEASE.jar;D:\RepMavenIdea\org\springframework\spring-test\5.2.2.RELEASE\spring-test-5.2.2.RELEASE.jar;D:\RepMavenIdea\org\xmlunit\xmlunit-core\2.6.3\xmlunit-core-2.6.3.jar;D:\RepMavenIdea\org\mybatis\spring\boot\mybatis-spring-boot-starter\1.1.1\mybatis-spring-boot-starter-1.1.1.jar;D:\RepMavenIdea\org\mybatis\spring\boot\mybatis-spring-boot-autoconfigure\1.1.1\mybatis-spring-boot-autoconfigure-1.1.1.jar;D:\RepMavenIdea\org\mybatis\mybatis\3.4.0\mybatis-3.4.0.jar;D:\RepMavenIdea\org\mybatis\mybatis-spring\1.3.0\mybatis-spring-1.3.0.jar;D:\RepMavenIdea\org\springframework\boot\spring-boot-starter-jdbc\2.2.2.RELEASE\spring-boot-starter-jdbc-2.2.2.RELEASE.jar;D:\RepMavenIdea\com\zaxxer\HikariCP\3.4.1\HikariCP-3.4.1.jar;D:\RepMavenIdea\org\springframework\spring-jdbc\5.2.2.RELEASE\spring-jdbc-5.2.2.RELEASE.jar;D:\RepMavenIdea\org\springframework\spring-tx\5.2.2.RELEASE\spring-tx-5.2.2.RELEASE.jar;D:\RepMavenIdea\mysql\mysql-connector-java\8.0.18\mysql-connector-java-8.0.18.jar;D:\RepMavenIdea\com\alibaba\druid\1.1.12\druid-1.1.12.jar;"/>
    <property name="sun.cpu.endian" value="little"/>
    <property name="user.home" value="C:\Users\zy"/>
    <property name="user.language" value="zh"/>
    <property name="java.specification.vendor" value="Oracle Corporation"/>
    <property name="java.home" value="C:\Java\jdk1.8.0_45\jre"/>
    <property name="basedir" value="D:\workspaceidea\java200522\springboot-mybatis"/>
    <property name="file.separator" value="\"/>
    <property name="line.separator" value="&#10;"/>
    <property name="idea.version2019.2.3" value="true"/>
    <property name="java.vm.specification.vendor" value="Oracle Corporation"/>
    <property name="java.specification.name" value="Java Platform API Specification"/>
    <property name="java.awt.graphicsenv" value="sun.awt.Win32GraphicsEnvironment"/>
    <property name="surefire.real.class.path" value="C:\Users\zy\AppData\Local\Temp\surefire7626038535246532393\surefirebooter7384618604827611437.jar"/>
    <property name="sun.boot.class.path" value="C:\Java\jdk1.8.0_45\jre\lib\resources.jar;C:\Java\jdk1.8.0_45\jre\lib\rt.jar;C:\Java\jdk1.8.0_45\jre\lib\sunrsasign.jar;C:\Java\jdk1.8.0_45\jre\lib\jsse.jar;C:\Java\jdk1.8.0_45\jre\lib\jce.jar;C:\Java\jdk1.8.0_45\jre\lib\charsets.jar;C:\Java\jdk1.8.0_45\jre\lib\jfr.jar;C:\Java\jdk1.8.0_45\jre\classes"/>
    <property name="user.script" value=""/>
    <property name="sun.management.compiler" value="HotSpot 64-Bit Tiered Compilers"/>
    <property name="java.runtime.version" value="1.8.0_45-b15"/>
    <property name="user.name" value="zy"/>
    <property name="path.separator" value=";"/>
    <property name="os.version" value="6.3"/>
    <property name="java.endorsed.dirs" value="C:\Java\jdk1.8.0_45\jre\lib\endorsed"/>
    <property name="java.runtime.name" value="Java(TM) SE Runtime Environment"/>
    <property name="file.encoding" value="GBK"/>
    <property name="java.vm.name" value="Java HotSpot(TM) 64-Bit Server VM"/>
    <property name="localRepository" value="D:\RepMavenIdea"/>
    <property name="java.vendor.url.bug" value="http://bugreport.sun.com/bugreport/"/>
    <property name="java.io.tmpdir" value="C:\Users\zy\AppData\Local\Temp\"/>
    <property name="java.version" value="1.8.0_45"/>
    <property name="user.dir" value="D:\workspaceidea\java200522\springboot-mybatis"/>
    <property name="os.arch" value="amd64"/>
    <property name="java.vm.specification.name" value="Java Virtual Machine Specification"/>
    <property name="java.awt.printerjob" value="sun.awt.windows.WPrinterJob"/>
    <property name="sun.os.patch.level" value=""/>
    <property name="java.library.path" value="C:\Java\jdk1.8.0_45\jre\bin;C:\Windows\Sun\Java\bin;C:\Windows\system32;C:\Windows;C:\Java\jdk1.8.0_45\bin;D:\Server\apache-maven-3.6.0\bin;D:\Server\apache-tomcat-8.5.27\bin;C:\Server\OpenSSL-Win64\bin;C:\Server\XShell6\;C:\ProgramData\Oracle\Java\javapath;C:\Windows\system32;C:\Windows;C:\Windows\System32\Wbem;C:\Windows\System32\WindowsPowerShell\v1.0\;C:\Windows\System32\OpenSSH\;C:\Program Files (x86)\NVIDIA Corporation\PhysX\Common;C:\Program Files\NVIDIA Corporation\NVIDIA NvDLISR;C:\Program Files\MySQL\MySQL Server 5.5\bin;C:\Users\zy\AppData\Local\Microsoft\WindowsApps;;."/>
    <property name="java.vm.info" value="mixed mode"/>
    <property name="java.vendor" value="Oracle Corporation"/>
    <property name="java.vm.version" value="25.45-b02"/>
    <property name="java.ext.dirs" value="C:\Java\jdk1.8.0_45\jre\lib\ext;C:\Windows\Sun\Java\lib\ext"/>
    <property name="sun.io.unicode.encoding" value="UnicodeLittle"/>
    <property name="maven.repo.local" value="D:\RepMavenIdea"/>
    <property name="java.class.version" value="52.0"/>
  </properties>
  <testcase name="testFindAll" classname="com.atguigu.MyTest" time="0.676"/>
  <testcase name="testDataSource" classname="com.atguigu.MyTest" time="0"/>
</testsuite>